  Main.cpp
Main.cpp(70): warning C4101: 'mi': unreferenced local variable
Main.cpp(100): warning C4018: '<': signed/unsigned mismatch
Main.cpp(166): warning C4473: 'printf' : not enough arguments passed for format string
  Main.cpp(166): note: placeholders and their parameters expect 1 variadic arguments, but 0 were provided
  Main.cpp(166): note: the missing variadic argument 1 is required by format string '%x'
Main.cpp(168): warning C4473: 'printf' : not enough arguments passed for format string
  Main.cpp(168): note: placeholders and their parameters expect 1 variadic arguments, but 0 were provided
  Main.cpp(168): note: the missing variadic argument 1 is required by format string '%x'
Main.cpp(170): warning C4473: 'printf' : not enough arguments passed for format string
  Main.cpp(170): note: placeholders and their parameters expect 1 variadic arguments, but 0 were provided
  Main.cpp(170): note: the missing variadic argument 1 is required by format string '%x'
Main.cpp(172): warning C4473: 'printf' : not enough arguments passed for format string
  Main.cpp(172): note: placeholders and their parameters expect 1 variadic arguments, but 0 were provided
  Main.cpp(172): note: the missing variadic argument 1 is required by format string '%x'
Main.cpp(174): warning C4473: 'printf' : not enough arguments passed for format string
  Main.cpp(174): note: placeholders and their parameters expect 1 variadic arguments, but 0 were provided
  Main.cpp(174): note: the missing variadic argument 1 is required by format string '%x'
Main.cpp(176): warning C4473: 'printf' : not enough arguments passed for format string
  Main.cpp(176): note: placeholders and their parameters expect 1 variadic arguments, but 0 were provided
  Main.cpp(176): note: the missing variadic argument 1 is required by format string '%x'
Main.cpp(178): warning C4473: 'printf' : not enough arguments passed for format string
  Main.cpp(178): note: placeholders and their parameters expect 1 variadic arguments, but 0 were provided
  Main.cpp(178): note: the missing variadic argument 1 is required by format string '%x'
Main.cpp(180): warning C4473: 'printf' : not enough arguments passed for format string
  Main.cpp(180): note: placeholders and their parameters expect 1 variadic arguments, but 0 were provided
  Main.cpp(180): note: the missing variadic argument 1 is required by format string '%x'
Main.cpp(182): warning C4473: 'printf' : not enough arguments passed for format string
  Main.cpp(182): note: placeholders and their parameters expect 1 variadic arguments, but 0 were provided
  Main.cpp(182): note: the missing variadic argument 1 is required by format string '%x'
Main.cpp(184): warning C4473: 'printf' : not enough arguments passed for format string
  Main.cpp(184): note: placeholders and their parameters expect 1 variadic arguments, but 0 were provided
  Main.cpp(184): note: the missing variadic argument 1 is required by format string '%x'
Main.cpp(186): warning C4473: 'printf' : not enough arguments passed for format string
  Main.cpp(186): note: placeholders and their parameters expect 1 variadic arguments, but 0 were provided
  Main.cpp(186): note: the missing variadic argument 1 is required by format string '%x'
Main.cpp(188): warning C4473: 'printf' : not enough arguments passed for format string
  Main.cpp(188): note: placeholders and their parameters expect 1 variadic arguments, but 0 were provided
  Main.cpp(188): note: the missing variadic argument 1 is required by format string '%x'
Main.cpp(190): warning C4473: 'printf' : not enough arguments passed for format string
  Main.cpp(190): note: placeholders and their parameters expect 1 variadic arguments, but 0 were provided
  Main.cpp(190): note: the missing variadic argument 1 is required by format string '%x'
Main.cpp(192): warning C4473: 'printf' : not enough arguments passed for format string
  Main.cpp(192): note: placeholders and their parameters expect 1 variadic arguments, but 0 were provided
  Main.cpp(192): note: the missing variadic argument 1 is required by format string '%x'
Main.cpp(194): warning C4473: 'printf' : not enough arguments passed for format string
  Main.cpp(194): note: placeholders and their parameters expect 1 variadic arguments, but 0 were provided
  Main.cpp(194): note: the missing variadic argument 1 is required by format string '%x'
Main.cpp(196): warning C4473: 'printf' : not enough arguments passed for format string
  Main.cpp(196): note: placeholders and their parameters expect 1 variadic arguments, but 0 were provided
  Main.cpp(196): note: the missing variadic argument 1 is required by format string '%x'
Main.cpp(198): warning C4473: 'printf' : not enough arguments passed for format string
  Main.cpp(198): note: placeholders and their parameters expect 1 variadic arguments, but 0 were provided
  Main.cpp(198): note: the missing variadic argument 1 is required by format string '%x'
Main.cpp(200): warning C4473: 'printf' : not enough arguments passed for format string
  Main.cpp(200): note: placeholders and their parameters expect 1 variadic arguments, but 0 were provided
  Main.cpp(200): note: the missing variadic argument 1 is required by format string '%x'
Main.cpp(202): warning C4473: 'printf' : not enough arguments passed for format string
  Main.cpp(202): note: placeholders and their parameters expect 1 variadic arguments, but 0 were provided
  Main.cpp(202): note: the missing variadic argument 1 is required by format string '%x'
Main.cpp(204): warning C4473: 'printf' : not enough arguments passed for format string
  Main.cpp(204): note: placeholders and their parameters expect 1 variadic arguments, but 0 were provided
  Main.cpp(204): note: the missing variadic argument 1 is required by format string '%x'
Main.cpp(206): warning C4473: 'printf' : not enough arguments passed for format string
  Main.cpp(206): note: placeholders and their parameters expect 1 variadic arguments, but 0 were provided
  Main.cpp(206): note: the missing variadic argument 1 is required by format string '%x'
Main.cpp(208): warning C4473: 'printf' : not enough arguments passed for format string
  Main.cpp(208): note: placeholders and their parameters expect 1 variadic arguments, but 0 were provided
  Main.cpp(208): note: the missing variadic argument 1 is required by format string '%x'
Main.cpp(210): warning C4473: 'printf' : not enough arguments passed for format string
  Main.cpp(210): note: placeholders and their parameters expect 1 variadic arguments, but 0 were provided
  Main.cpp(210): note: the missing variadic argument 1 is required by format string '%x'
Main.cpp(212): warning C4473: 'printf' : not enough arguments passed for format string
  Main.cpp(212): note: placeholders and their parameters expect 1 variadic arguments, but 0 were provided
  Main.cpp(212): note: the missing variadic argument 1 is required by format string '%x'
Main.cpp(214): warning C4473: 'printf' : not enough arguments passed for format string
  Main.cpp(214): note: placeholders and their parameters expect 1 variadic arguments, but 0 were provided
  Main.cpp(214): note: the missing variadic argument 1 is required by format string '%x'
  Generating code
  1 of 84 functions ( 1.2%) were compiled, the rest were copied from previous compilation.
    0 functions were new in current compilation
    1 functions had inline decision re-evaluated but remain unchanged
  Finished generating code
  verbhaxx.vcxproj -> C:\Users\ASUS\source\repos\verbhaxx\Release\verbhaxx.dll
